<?xml version="1.0" encoding="UTF-8" ?>
<testsuite tests="4" failures="0" name="com.Booking.Tests.Booking_Test" time="11.125" errors="0" skipped="0">
  <properties>
[...]
</properties>
  <testcase classname="com.Booking.Tests.Booking_Test" name="Test1_CreateBooking" time="4.43"/>
  <testcase classname="com.Booking.Tests.Booking_Test" name="Test2_GetBooking" time="1.3"/>
  <testcase classname="com.Booking.Tests.Booking_Test" name="Test3_UpdateBooking" time="2.705"/>
  <testcase classname="com.Booking.Tests.Booking_Test" name="Test4_DeleteBooking" time="2.69"/>
</testsuite>